<?xml version="1.0" encoding="UTF-8"?>
<!-- Generated by org.testng.reporters.JUnitReportReporter -->
<testsuite hostname="wy24iiiiiiideMacBook-Pro.local" failures="0" tests="10" name="hust.cs.javacourse.search.index.DocumentTest" time="0.000" errors="0" timestamp="01 6æœˆ 2022 02:50:02 GMT" skipped="7">
  <testcase classname="hust.cs.javacourse.search.index.DocumentTest" name="testGetDocPath" time="0.000">
    <skipped/>
  </testcase> <!-- testGetDocPath -->
  <testcase classname="hust.cs.javacourse.search.index.DocumentTest" name="testContains" time="0.000">
    <skipped/>
  </testcase> <!-- testContains -->
  <testcase classname="hust.cs.javacourse.search.index.DocumentTest" name="testAddTuple" time="0.000"/>
  <testcase classname="hust.cs.javacourse.search.index.DocumentTest" name="testSetDocPath" time="0.000"/>
  <testcase classname="hust.cs.javacourse.search.index.DocumentTest" name="testGetDocId" time="0.000">
    <skipped/>
  </testcase> <!-- testGetDocId -->
  <testcase classname="hust.cs.javacourse.search.index.DocumentTest" name="testTestToString" time="0.000">
    <skipped/>
  </testcase> <!-- testTestToString -->
  <testcase classname="hust.cs.javacourse.search.index.DocumentTest" name="testGetTuple" time="0.000">
    <skipped/>
  </testcase> <!-- testGetTuple -->
  <testcase classname="hust.cs.javacourse.search.index.DocumentTest" name="testGetTuples" time="0.000">
    <skipped/>
  </testcase> <!-- testGetTuples -->
  <testcase classname="hust.cs.javacourse.search.index.DocumentTest" name="testGetTupleSize" time="0.000">
    <skipped/>
  </testcase> <!-- testGetTupleSize -->
  <testcase classname="hust.cs.javacourse.search.index.DocumentTest" name="testSetDocId" time="0.000"/>
</testsuite> <!-- hust.cs.javacourse.search.index.DocumentTest -->
