<?xml version="1.0" encoding="UTF-8"?>
<!-- Generated by org.testng.reporters.JUnitReportReporter -->
<testsuite hostname="wy24iiiiiiideMacBook-Pro.local" failures="0" tests="2" name="hust.cs.javacourse.search.parse.PatternTermTupleFilterTest" time="0.001" errors="0" timestamp="01 6æœˆ 2022 02:50:02 GMT" skipped="0">
  <testcase classname="hust.cs.javacourse.search.parse.PatternTermTupleFilterTest" name="testNext" time="0.001"/>
  <testcase classname="hust.cs.javacourse.search.parse.PatternTermTupleFilterTest" name="testNext" time="0.000"/>
</testsuite> <!-- hust.cs.javacourse.search.parse.PatternTermTupleFilterTest -->
