<?xml version="1.0" encoding="UTF-8"?>
<!-- Generated by org.testng.reporters.JUnitReportReporter -->
<testsuite hostname="wy24iiiiiiideMacBook-Pro.local" failures="0" tests="10" name="hust.cs.javacourse.search.index.IndexTest" time="0.039" errors="0" timestamp="01 6æœˆ 2022 02:50:02 GMT" skipped="1">
  <testcase classname="hust.cs.javacourse.search.index.IndexTest" name="testAddDocument" time="0.000">
    <skipped/>
  </testcase> <!-- testAddDocument -->
  <testcase classname="hust.cs.javacourse.search.index.IndexTest" name="testSave" time="0.006"/>
  <testcase classname="hust.cs.javacourse.search.index.IndexTest" name="testReadObject" time="0.008"/>
  <testcase classname="hust.cs.javacourse.search.index.IndexTest" name="testGetDocName" time="0.000"/>
  <testcase classname="hust.cs.javacourse.search.index.IndexTest" name="testOptimize" time="0.000"/>
  <testcase classname="hust.cs.javacourse.search.index.IndexTest" name="testGetDictionary" time="0.000"/>
  <testcase classname="hust.cs.javacourse.search.index.IndexTest" name="testSearch" time="0.000"/>
  <testcase classname="hust.cs.javacourse.search.index.IndexTest" name="testLoad" time="0.016"/>
  <testcase classname="hust.cs.javacourse.search.index.IndexTest" name="testWriteObject" time="0.009"/>
  <testcase classname="hust.cs.javacourse.search.index.IndexTest" name="testTestToString" time="0.000"/>
</testsuite> <!-- hust.cs.javacourse.search.index.IndexTest -->
