<?xml version="1.0" encoding="UTF-8"?>
<!-- Generated by org.testng.reporters.JUnitReportReporter -->
<testsuite hostname="wy24iiiiiiideMacBook-Pro.local" failures="0" tests="2" name="hust.cs.javacourse.search.index.DocumentBuilderTest" time="0.000" errors="0" timestamp="01 6æœˆ 2022 02:50:02 GMT" skipped="2">
  <testcase classname="hust.cs.javacourse.search.index.DocumentBuilderTest" name="testTestBuild" time="0.000">
    <skipped/>
  </testcase> <!-- testTestBuild -->
  <testcase classname="hust.cs.javacourse.search.index.DocumentBuilderTest" name="testBuild" time="0.000">
    <skipped/>
  </testcase> <!-- testBuild -->
</testsuite> <!-- hust.cs.javacourse.search.index.DocumentBuilderTest -->
